生成启动时间为 2017-12-18 13:58:00。
     1>项目“E:\github\focusSip\src\SDL\SDL2-2.0.7_src\VisualC\SDLdemo\SDLdemo.vcxproj”在节点 2 上(build 个目标)。
     1>InitializeBuildStatus:
         正在创建“Debug\SDLdemo.unsuccessfulbuild”，因为已指定“AlwaysCreate”。
       ClCompile:
         D:\Program Files\Microsoft Visual Studio 10.0\VC\bin\CL.exe /c /I"E:\github\focusSip\src\SDL\SDL2-2.0.7_src\VisualC\..\include" /ZI /nologo /W3 /WX- /Od /Oy- /D WIN32 /D _DEBUG /D _WINDOWS /D _UNICODE /D UNICODE /Gm /EHsc /RTC1 /MDd /GS /fp:precise /Zc:wchar_t /Zc:forScope /Fo"Debug\\" /Fd"Debug\vc100.pdb" /Gd /TP /analyze- /errorReport:prompt SDLdemo.cpp
         SDLdemo.cpp
       ManifestResourceCompile:
         所有输出均为最新。
       Link:
         D:\Program Files\Microsoft Visual Studio 10.0\VC\bin\link.exe /ERRORREPORT:PROMPT /OUT:"E:\github\focusSip\src\SDL\SDL2-2.0.7_src\VisualC\Debug\SDLdemo.exe" /INCREMENTAL /NOLOGO /LIBPATH:"E:\github\focusSip\src\SDL\SDL2-2.0.7_src\VisualC\Win32\Debug" SDL2.lib SDL2main.lib SDL2test.lib kernel32.lib user32.lib gdi32.lib winspool.lib comdlg32.lib advapi32.lib shell32.lib ole32.lib oleaut32.lib uuid.lib odbc32.lib odbccp32.lib /MANIFEST /ManifestFile:"Debug\SDLdemo.exe.intermediate.manifest" /MANIFESTUAC:"level='asInvoker' uiAccess='false'" /DEBUG /PDB:"E:\github\focusSip\src\SDL\SDL2-2.0.7_src\VisualC\Debug\SDLdemo.pdb" /SUBSYSTEM:WINDOWS /TLBID:1 /DYNAMICBASE /NXCOMPAT /IMPLIB:"E:\github\focusSip\src\SDL\SDL2-2.0.7_src\VisualC\Debug\SDLdemo.lib" /MACHINE:X86 Debug\SDLdemo.exe.embed.manifest.res
         Debug\SDLdemo.obj
       Manifest:
         C:\Program Files\Microsoft SDKs\Windows\v7.0A\bin\mt.exe /nologo /verbose /out:"Debug\SDLdemo.exe.embed.manifest" /manifest Debug\SDLdemo.exe.intermediate.manifest
         所有输出均为最新。
       LinkEmbedManifest:
         所有输出均为最新。
         SDLdemo.vcxproj -> E:\github\focusSip\src\SDL\SDL2-2.0.7_src\VisualC\Debug\SDLdemo.exe
       FinalizeBuildStatus:
         正在删除文件“Debug\SDLdemo.unsuccessfulbuild”。
         正在对“Debug\SDLdemo.lastbuildstate”执行 Touch 任务。
     1>已完成生成项目“E:\github\focusSip\src\SDL\SDL2-2.0.7_src\VisualC\SDLdemo\SDLdemo.vcxproj”(build 个目标)的操作。

生成成功。

已用时间 00:00:03.22
