生成启动时间为 2018-02-01 10:35:16。
     1>项目“E:\github\focusSip\src\SDL\SDL2-2.0.7_src\VisualC\SDL\SDL.vcxproj”在节点 2 上(build 个目标)。
     1>InitializeBuildStatus:
         正在创建“Win32\Debug\SDL2.unsuccessfulbuild”，因为已指定“AlwaysCreate”。
       ClCompile:
         D:\Program Files\Microsoft Visual Studio 10.0\VC\bin\CL.exe /c /I"E:\github\focusSip\src\SDL\SDL2-2.0.7_src\VisualC\SDL\/../../include" /Z7 /nologo /W3 /WX- /Od /Ob1 /Oy- /D _DEBUG /D _WINDOWS /D _VC80_UPGRADE=0x0700 /D _WINDLL /Gm- /EHsc /MD /GS- /arch:SSE /fp:precise /Zc:wchar_t /Zc:forScope /Fo"Win32\Debug\\" /Fd"Win32\Debug\vc100.pdb" /Gd /TC /analyze- /Zl /errorReport:prompt ..\..\src\SDL.c ..\..\src\SDL_assert.c ..\..\src\SDL_dataqueue.c ..\..\src\audio\SDL_audio.c ..\..\src\audio\SDL_audiocvt.c ..\..\src\dynapi\SDL_dynapi.c ..\..\src\events\SDL_clipboardevents.c ..\..\src\events\SDL_dropevents.c ..\..\src\events\SDL_events.c ..\..\src\events\SDL_gesture.c ..\..\src\events\SDL_keyboard.c ..\..\src\events\SDL_mouse.c ..\..\src\events\SDL_quit.c ..\..\src\events\SDL_touch.c ..\..\src\events\SDL_windowevents.c ..\..\src\haptic\windows\SDL_dinputhaptic.c ..\..\src\haptic\windows\SDL_windowshaptic.c ..\..\src\haptic\windows\SDL_xinputhaptic.c ..\..\src\joystick\SDL_gamecontroller.c ..\..\src\joystick\SDL_joystick.c ..\..\src\joystick\windows\SDL_dinputjoystick.c ..\..\src\joystick\windows\SDL_windowsjoystick.c ..\..\src\joystick\windows\SDL_xinputjoystick.c ..\..\src\render\SDL_render.c ..\..\src\render\SDL_yuv_sw.c ..\..\src\render\direct3d\SDL_render_d3d.c ..\..\src\render\opengl\SDL_render_gl.c ..\..\src\render\opengl\SDL_shaders_gl.c ..\..\src\render\opengles2\SDL_render_gles2.c ..\..\src\render\opengles2\SDL_shaders_gles2.c ..\..\src\render\software\SDL_blendfillrect.c ..\..\src\render\software\SDL_blendline.c ..\..\src\render\software\SDL_blendpoint.c ..\..\src\render\software\SDL_drawline.c ..\..\src\render\software\SDL_drawpoint.c ..\..\src\render\software\SDL_render_sw.c ..\..\src\render\software\SDL_rotate.c ..\..\src\video\SDL_RLEaccel.c ..\..\src\video\SDL_blit.c ..\..\src\video\SDL_blit_0.c ..\..\src\video\SDL_blit_1.c ..\..\src\video\SDL_blit_A.c ..\..\src\video\SDL_blit_N.c ..\..\src\video\SDL_blit_auto.c ..\..\src\video\SDL_blit_copy.c ..\..\src\video\SDL_blit_slow.c ..\..\src\video\SDL_bmp.c ..\..\src\video\SDL_clipboard.c ..\..\src\video\SDL_egl.c ..\..\src\video\SDL_fillrect.c ..\..\src\video\SDL_pixels.c ..\..\src\video\SDL_shape.c ..\..\src\video\SDL_stretch.c ..\..\src\video\SDL_surface.c ..\..\src\video\SDL_video.c ..\..\src\video\SDL_vulkan_utils.c ..\..\src\video\dummy\SDL_nullevents.c ..\..\src\video\dummy\SDL_nullframebuffer.c ..\..\src\video\dummy\SDL_nullvideo.c ..\..\src\video\windows\SDL_windowsclipboard.c ..\..\src\video\windows\SDL_windowsevents.c ..\..\src\video\windows\SDL_windowsframebuffer.c ..\..\src\video\windows\SDL_windowskeyboard.c ..\..\src\video\windows\SDL_windowsmessagebox.c ..\..\src\video\windows\SDL_windowsmodes.c ..\..\src\video\windows\SDL_windowsmouse.c ..\..\src\video\windows\SDL_windowsopengl.c ..\..\src\video\windows\SDL_windowsopengles.c ..\..\src\video\windows\SDL_windowsshape.c ..\..\src\video\windows\SDL_windowsvideo.c ..\..\src\video\windows\SDL_windowsvulkan.c ..\..\src\video\windows\SDL_windowswindow.c
         SDL.c
         SDL_assert.c
         SDL_dataqueue.c
         SDL_audio.c
         SDL_audiocvt.c
         SDL_dynapi.c
         SDL_clipboardevents.c
         SDL_dropevents.c
         SDL_events.c
         SDL_gesture.c
         SDL_keyboard.c
         SDL_mouse.c
         SDL_quit.c
         SDL_touch.c
         SDL_windowevents.c
         SDL_dinputhaptic.c
         SDL_windowshaptic.c
         SDL_xinputhaptic.c
         SDL_gamecontroller.c
         SDL_joystick.c
         正在生成代码...
         正在编译...
         SDL_dinputjoystick.c
         SDL_windowsjoystick.c
         SDL_xinputjoystick.c
         SDL_render.c
         SDL_yuv_sw.c
         SDL_render_d3d.c
         SDL_render_gl.c
         SDL_shaders_gl.c
         SDL_render_gles2.c
         SDL_shaders_gles2.c
         SDL_blendfillrect.c
         SDL_blendline.c
         SDL_blendpoint.c
         SDL_drawline.c
         SDL_drawpoint.c
         SDL_render_sw.c
         SDL_rotate.c
         SDL_RLEaccel.c
         SDL_blit.c
         SDL_blit_0.c
         正在生成代码...
         正在编译...
         SDL_blit_1.c
         SDL_blit_A.c
         SDL_blit_N.c
         SDL_blit_auto.c
         SDL_blit_copy.c
         SDL_blit_slow.c
         SDL_bmp.c
         SDL_clipboard.c
         SDL_egl.c
         SDL_fillrect.c
         SDL_pixels.c
         SDL_shape.c
         SDL_stretch.c
         SDL_surface.c
         SDL_video.c
         SDL_vulkan_utils.c
         SDL_nullevents.c
         SDL_nullframebuffer.c
         SDL_nullvideo.c
         SDL_windowsclipboard.c
         正在生成代码...
         正在编译...
         SDL_windowsevents.c
         SDL_windowsframebuffer.c
         SDL_windowskeyboard.c
         SDL_windowsmessagebox.c
         SDL_windowsmodes.c
         SDL_windowsmouse.c
         SDL_windowsopengl.c
         SDL_windowsopengles.c
         SDL_windowsshape.c
         SDL_windowsvideo.c
         SDL_windowsvulkan.c
         SDL_windowswindow.c
         正在生成代码...
       ResourceCompile:
         所有输出均为最新。
       Link:
         D:\Program Files\Microsoft Visual Studio 10.0\VC\bin\link.exe /ERRORREPORT:PROMPT /OUT:"E:\github\focusSip\src\SDL\SDL2-2.0.7_src\VisualC\Win32\Debug\SDL2.dll" /NOLOGO winmm.lib imm32.lib version.lib kernel32.lib user32.lib gdi32.lib winspool.lib comdlg32.lib advapi32.lib shell32.lib ole32.lib oleaut32.lib uuid.lib odbc32.lib odbccp32.lib /NODEFAULTLIB /MANIFEST:NO /DEBUG /PDB:"E:\github\focusSip\src\SDL\SDL2-2.0.7_src\VisualC\Win32\Debug\SDL2.pdb" /SUBSYSTEM:WINDOWS /TLBID:1 /DYNAMICBASE /NXCOMPAT /IMPLIB:"E:\github\focusSip\src\SDL\SDL2-2.0.7_src\VisualC\Win32\Debug\SDL2.lib" /MACHINE:X86 /DLL Win32\Debug\version.res
         Win32\Debug\SDL_atomic.obj
         Win32\Debug\SDL_spinlock.obj
         Win32\Debug\SDL_directsound.obj
         Win32\Debug\SDL_diskaudio.obj
         Win32\Debug\SDL_dummyaudio.obj
         Win32\Debug\SDL_audio.obj
         Win32\Debug\SDL_audiocvt.obj
         Win32\Debug\SDL_audiodev.obj
         Win32\Debug\SDL_audiotypecvt.obj
         Win32\Debug\SDL_mixer.obj
         Win32\Debug\SDL_wave.obj
         Win32\Debug\SDL_wasapi.obj
         Win32\Debug\SDL_winmm.obj
         Win32\Debug\SDL_xaudio2.obj
         Win32\Debug\SDL_windows.obj
         Win32\Debug\SDL_xinput.obj
         Win32\Debug\SDL_cpuinfo.obj
         Win32\Debug\SDL_dynapi.obj
         Win32\Debug\SDL_clipboardevents.obj
         Win32\Debug\SDL_dropevents.obj
         Win32\Debug\SDL_events.obj
         Win32\Debug\SDL_gesture.obj
         Win32\Debug\SDL_keyboard.obj
         Win32\Debug\SDL_mouse.obj
         Win32\Debug\SDL_quit.obj
         Win32\Debug\SDL_touch.obj
         Win32\Debug\SDL_windowevents.obj
         Win32\Debug\SDL_rwops.obj
         Win32\Debug\SDL_sysfilesystem.obj
         Win32\Debug\SDL_haptic.obj
         Win32\Debug\SDL_dinputhaptic.obj
         Win32\Debug\SDL_windowshaptic.obj
         Win32\Debug\SDL_xinputhaptic.obj
         Win32\Debug\SDL_gamecontroller.obj
         Win32\Debug\SDL_joystick.obj
         Win32\Debug\SDL_dinputjoystick.obj
         Win32\Debug\SDL_mmjoystick.obj
         Win32\Debug\SDL_windowsjoystick.obj
         Win32\Debug\SDL_xinputjoystick.obj
         Win32\Debug\e_atan2.obj
         Win32\Debug\e_log.obj
         Win32\Debug\e_pow.obj
         Win32\Debug\e_rem_pio2.obj
         Win32\Debug\e_sqrt.obj
         Win32\Debug\k_cos.obj
         Win32\Debug\k_rem_pio2.obj
         Win32\Debug\k_sin.obj
         Win32\Debug\k_tan.obj
         Win32\Debug\s_atan.obj
         Win32\Debug\s_copysign.obj
         Win32\Debug\s_cos.obj
         Win32\Debug\s_fabs.obj
         Win32\Debug\s_floor.obj
         Win32\Debug\s_scalbn.obj
         Win32\Debug\s_sin.obj
         Win32\Debug\s_tan.obj
         Win32\Debug\SDL_sysloadso.obj
         Win32\Debug\SDL_power.obj
         Win32\Debug\SDL_syspower.obj
         Win32\Debug\SDL_render_d3d.obj
         Win32\Debug\SDL_render_d3d11.obj
         Win32\Debug\SDL_render_gl.obj
         Win32\Debug\SDL_shaders_gl.obj
         Win32\Debug\SDL_render_gles2.obj
         Win32\Debug\SDL_shaders_gles2.obj
         Win32\Debug\SDL_d3dmath.obj
         Win32\Debug\SDL_render.obj
         Win32\Debug\SDL_yuv_mmx.obj
         Win32\Debug\SDL_yuv_sw.obj
         Win32\Debug\SDL_blendfillrect.obj
         Win32\Debug\SDL_blendline.obj
         Win32\Debug\SDL_blendpoint.obj
         Win32\Debug\SDL_drawline.obj
         Win32\Debug\SDL_drawpoint.obj
         Win32\Debug\SDL_render_sw.obj
         Win32\Debug\SDL_rotate.obj
         Win32\Debug\SDL.obj
         Win32\Debug\SDL_assert.obj
         Win32\Debug\SDL_dataqueue.obj
         Win32\Debug\SDL_error.obj
         Win32\Debug\SDL_hints.obj
         Win32\Debug\SDL_log.obj
         Win32\Debug\SDL_getenv.obj
         Win32\Debug\SDL_iconv.obj
         Win32\Debug\SDL_malloc.obj
         Win32\Debug\SDL_qsort.obj
         Win32\Debug\SDL_stdlib.obj
         Win32\Debug\SDL_string.obj
         Win32\Debug\SDL_syscond.obj
         Win32\Debug\SDL_thread.obj
         Win32\Debug\SDL_sysmutex.obj
         Win32\Debug\SDL_syssem.obj
         Win32\Debug\SDL_systhread.obj
         Win32\Debug\SDL_systls.obj
         Win32\Debug\SDL_timer.obj
         Win32\Debug\SDL_systimer.obj
         Win32\Debug\SDL_nullevents.obj
         Win32\Debug\SDL_nullframebuffer.obj
         Win32\Debug\SDL_nullvideo.obj
         Win32\Debug\SDL_blit.obj
         Win32\Debug\SDL_blit_0.obj
         Win32\Debug\SDL_blit_1.obj
         Win32\Debug\SDL_blit_A.obj
         Win32\Debug\SDL_blit_auto.obj
         Win32\Debug\SDL_blit_copy.obj
         Win32\Debug\SDL_blit_N.obj
         Win32\Debug\SDL_blit_slow.obj
         Win32\Debug\SDL_bmp.obj
         Win32\Debug\SDL_clipboard.obj
         Win32\Debug\SDL_egl.obj
         Win32\Debug\SDL_fillrect.obj
         Win32\Debug\SDL_pixels.obj
         Win32\Debug\SDL_rect.obj
         Win32\Debug\SDL_RLEaccel.obj
         Win32\Debug\SDL_shape.obj
         Win32\Debug\SDL_stretch.obj
         Win32\Debug\SDL_surface.obj
         Win32\Debug\SDL_video.obj
         Win32\Debug\SDL_vulkan_utils.obj
         Win32\Debug\SDL_windowsclipboard.obj
         Win32\Debug\SDL_windowsevents.obj
         Win32\Debug\SDL_windowsframebuffer.obj
         Win32\Debug\SDL_windowskeyboard.obj
         Win32\Debug\SDL_windowsmessagebox.obj
         Win32\Debug\SDL_windowsmodes.obj
         Win32\Debug\SDL_windowsmouse.obj
         Win32\Debug\SDL_windowsopengl.obj
         Win32\Debug\SDL_windowsopengles.obj
         Win32\Debug\SDL_windowsshape.obj
         Win32\Debug\SDL_windowsvideo.obj
         Win32\Debug\SDL_windowsvulkan.obj
         Win32\Debug\SDL_windowswindow.obj
         SDL.vcxproj -> E:\github\focusSip\src\SDL\SDL2-2.0.7_src\VisualC\Win32\Debug\SDL2.dll
       FinalizeBuildStatus:
         正在删除文件“Win32\Debug\SDL2.unsuccessfulbuild”。
         正在对“Win32\Debug\SDL2.lastbuildstate”执行 Touch 任务。
     1>已完成生成项目“E:\github\focusSip\src\SDL\SDL2-2.0.7_src\VisualC\SDL\SDL.vcxproj”(build 个目标)的操作。

生成成功。

已用时间 00:00:38.89
