E:\github\focusSip\src\SDL\SDL2-2.0.7_src\VisualC\SDL\Win32\Debug\cl.command.1.tlog
E:\github\focusSip\src\SDL\SDL2-2.0.7_src\VisualC\SDL\Win32\Debug\CL.read.1.tlog
E:\github\focusSip\src\SDL\SDL2-2.0.7_src\VisualC\SDL\Win32\Debug\CL.write.1.tlog
E:\GITHUB\FOCUSSIP\SRC\SDL\SDL2-2.0.7_SRC\VISUALC\SDL\WIN32\DEBUG\E_ATAN2.OBJ
E:\GITHUB\FOCUSSIP\SRC\SDL\SDL2-2.0.7_SRC\VISUALC\SDL\WIN32\DEBUG\E_LOG.OBJ
E:\GITHUB\FOCUSSIP\SRC\SDL\SDL2-2.0.7_SRC\VISUALC\SDL\WIN32\DEBUG\E_POW.OBJ
E:\GITHUB\FOCUSSIP\SRC\SDL\SDL2-2.0.7_SRC\VISUALC\SDL\WIN32\DEBUG\E_REM_PIO2.OBJ
E:\GITHUB\FOCUSSIP\SRC\SDL\SDL2-2.0.7_SRC\VISUALC\SDL\WIN32\DEBUG\E_SQRT.OBJ
E:\GITHUB\FOCUSSIP\SRC\SDL\SDL2-2.0.7_SRC\VISUALC\SDL\WIN32\DEBUG\K_COS.OBJ
E:\GITHUB\FOCUSSIP\SRC\SDL\SDL2-2.0.7_SRC\VISUALC\SDL\WIN32\DEBUG\K_REM_PIO2.OBJ
E:\GITHUB\FOCUSSIP\SRC\SDL\SDL2-2.0.7_SRC\VISUALC\SDL\WIN32\DEBUG\K_SIN.OBJ
E:\GITHUB\FOCUSSIP\SRC\SDL\SDL2-2.0.7_SRC\VISUALC\SDL\WIN32\DEBUG\K_TAN.OBJ
E:\github\focusSip\src\SDL\SDL2-2.0.7_src\VisualC\SDL\Win32\Debug\link.command.1.tlog
E:\github\focusSip\src\SDL\SDL2-2.0.7_src\VisualC\SDL\Win32\Debug\link.read.1.tlog
E:\github\focusSip\src\SDL\SDL2-2.0.7_src\VisualC\SDL\Win32\Debug\link.write.1.tlog
E:\github\focusSip\src\SDL\SDL2-2.0.7_src\VisualC\SDL\Win32\Debug\link-cvtres.read.1.tlog
E:\github\focusSip\src\SDL\SDL2-2.0.7_src\VisualC\SDL\Win32\Debug\link-cvtres.write.1.tlog
E:\github\focusSip\src\SDL\SDL2-2.0.7_src\VisualC\SDL\Win32\Debug\rc.command.1.tlog
E:\github\focusSip\src\SDL\SDL2-2.0.7_src\VisualC\SDL\Win32\Debug\rc.read.1.tlog
E:\github\focusSip\src\SDL\SDL2-2.0.7_src\VisualC\SDL\Win32\Debug\rc.write.1.tlog
E:\GITHUB\FOCUSSIP\SRC\SDL\SDL2-2.0.7_SRC\VISUALC\SDL\WIN32\DEBUG\S_ATAN.OBJ
E:\GITHUB\FOCUSSIP\SRC\SDL\SDL2-2.0.7_SRC\VISUALC\SDL\WIN32\DEBUG\S_COPYSIGN.OBJ
E:\GITHUB\FOCUSSIP\SRC\SDL\SDL2-2.0.7_SRC\VISUALC\SDL\WIN32\DEBUG\S_COS.OBJ
E:\GITHUB\FOCUSSIP\SRC\SDL\SDL2-2.0.7_SRC\VISUALC\SDL\WIN32\DEBUG\S_FABS.OBJ
E:\GITHUB\FOCUSSIP\SRC\SDL\SDL2-2.0.7_SRC\VISUALC\SDL\WIN32\DEBUG\S_FLOOR.OBJ
E:\GITHUB\FOCUSSIP\SRC\SDL\SDL2-2.0.7_SRC\VISUALC\SDL\WIN32\DEBUG\S_SCALBN.OBJ
E:\GITHUB\FOCUSSIP\SRC\SDL\SDL2-2.0.7_SRC\VISUALC\SDL\WIN32\DEBUG\S_SIN.OBJ
E:\GITHUB\FOCUSSIP\SRC\SDL\SDL2-2.0.7_SRC\VISUALC\SDL\WIN32\DEBUG\S_TAN.OBJ
E:\GITHUB\FOCUSSIP\SRC\SDL\SDL2-2.0.7_SRC\VISUALC\SDL\WIN32\DEBUG\SDL.OBJ
E:\GITHUB\FOCUSSIP\SRC\SDL\SDL2-2.0.7_SRC\VISUALC\SDL\WIN32\DEBUG\SDL_ASSERT.OBJ
E:\GITHUB\FOCUSSIP\SRC\SDL\SDL2-2.0.7_SRC\VISUALC\SDL\WIN32\DEBUG\SDL_ATOMIC.OBJ
E:\GITHUB\FOCUSSIP\SRC\SDL\SDL2-2.0.7_SRC\VISUALC\SDL\WIN32\DEBUG\SDL_AUDIO.OBJ
E:\GITHUB\FOCUSSIP\SRC\SDL\SDL2-2.0.7_SRC\VISUALC\SDL\WIN32\DEBUG\SDL_AUDIOCVT.OBJ
E:\GITHUB\FOCUSSIP\SRC\SDL\SDL2-2.0.7_SRC\VISUALC\SDL\WIN32\DEBUG\SDL_AUDIODEV.OBJ
E:\GITHUB\FOCUSSIP\SRC\SDL\SDL2-2.0.7_SRC\VISUALC\SDL\WIN32\DEBUG\SDL_AUDIOTYPECVT.OBJ
E:\GITHUB\FOCUSSIP\SRC\SDL\SDL2-2.0.7_SRC\VISUALC\SDL\WIN32\DEBUG\SDL_BLENDFILLRECT.OBJ
E:\GITHUB\FOCUSSIP\SRC\SDL\SDL2-2.0.7_SRC\VISUALC\SDL\WIN32\DEBUG\SDL_BLENDLINE.OBJ
E:\GITHUB\FOCUSSIP\SRC\SDL\SDL2-2.0.7_SRC\VISUALC\SDL\WIN32\DEBUG\SDL_BLENDPOINT.OBJ
E:\GITHUB\FOCUSSIP\SRC\SDL\SDL2-2.0.7_SRC\VISUALC\SDL\WIN32\DEBUG\SDL_BLIT.OBJ
E:\GITHUB\FOCUSSIP\SRC\SDL\SDL2-2.0.7_SRC\VISUALC\SDL\WIN32\DEBUG\SDL_BLIT_0.OBJ
E:\GITHUB\FOCUSSIP\SRC\SDL\SDL2-2.0.7_SRC\VISUALC\SDL\WIN32\DEBUG\SDL_BLIT_1.OBJ
E:\GITHUB\FOCUSSIP\SRC\SDL\SDL2-2.0.7_SRC\VISUALC\SDL\WIN32\DEBUG\SDL_BLIT_A.OBJ
E:\GITHUB\FOCUSSIP\SRC\SDL\SDL2-2.0.7_SRC\VISUALC\SDL\WIN32\DEBUG\SDL_BLIT_AUTO.OBJ
E:\GITHUB\FOCUSSIP\SRC\SDL\SDL2-2.0.7_SRC\VISUALC\SDL\WIN32\DEBUG\SDL_BLIT_COPY.OBJ
E:\GITHUB\FOCUSSIP\SRC\SDL\SDL2-2.0.7_SRC\VISUALC\SDL\WIN32\DEBUG\SDL_BLIT_N.OBJ
E:\GITHUB\FOCUSSIP\SRC\SDL\SDL2-2.0.7_SRC\VISUALC\SDL\WIN32\DEBUG\SDL_BLIT_SLOW.OBJ
E:\GITHUB\FOCUSSIP\SRC\SDL\SDL2-2.0.7_SRC\VISUALC\SDL\WIN32\DEBUG\SDL_BMP.OBJ
E:\GITHUB\FOCUSSIP\SRC\SDL\SDL2-2.0.7_SRC\VISUALC\SDL\WIN32\DEBUG\SDL_CLIPBOARD.OBJ
E:\GITHUB\FOCUSSIP\SRC\SDL\SDL2-2.0.7_SRC\VISUALC\SDL\WIN32\DEBUG\SDL_CLIPBOARDEVENTS.OBJ
E:\GITHUB\FOCUSSIP\SRC\SDL\SDL2-2.0.7_SRC\VISUALC\SDL\WIN32\DEBUG\SDL_CPUINFO.OBJ
E:\GITHUB\FOCUSSIP\SRC\SDL\SDL2-2.0.7_SRC\VISUALC\SDL\WIN32\DEBUG\SDL_D3DMATH.OBJ
E:\GITHUB\FOCUSSIP\SRC\SDL\SDL2-2.0.7_SRC\VISUALC\SDL\WIN32\DEBUG\SDL_DATAQUEUE.OBJ
E:\GITHUB\FOCUSSIP\SRC\SDL\SDL2-2.0.7_SRC\VISUALC\SDL\WIN32\DEBUG\SDL_DINPUTHAPTIC.OBJ
E:\GITHUB\FOCUSSIP\SRC\SDL\SDL2-2.0.7_SRC\VISUALC\SDL\WIN32\DEBUG\SDL_DINPUTJOYSTICK.OBJ
E:\GITHUB\FOCUSSIP\SRC\SDL\SDL2-2.0.7_SRC\VISUALC\SDL\WIN32\DEBUG\SDL_DIRECTSOUND.OBJ
E:\GITHUB\FOCUSSIP\SRC\SDL\SDL2-2.0.7_SRC\VISUALC\SDL\WIN32\DEBUG\SDL_DISKAUDIO.OBJ
E:\GITHUB\FOCUSSIP\SRC\SDL\SDL2-2.0.7_SRC\VISUALC\SDL\WIN32\DEBUG\SDL_DRAWLINE.OBJ
E:\GITHUB\FOCUSSIP\SRC\SDL\SDL2-2.0.7_SRC\VISUALC\SDL\WIN32\DEBUG\SDL_DRAWPOINT.OBJ
E:\GITHUB\FOCUSSIP\SRC\SDL\SDL2-2.0.7_SRC\VISUALC\SDL\WIN32\DEBUG\SDL_DROPEVENTS.OBJ
E:\GITHUB\FOCUSSIP\SRC\SDL\SDL2-2.0.7_SRC\VISUALC\SDL\WIN32\DEBUG\SDL_DUMMYAUDIO.OBJ
E:\GITHUB\FOCUSSIP\SRC\SDL\SDL2-2.0.7_SRC\VISUALC\SDL\WIN32\DEBUG\SDL_DYNAPI.OBJ
E:\GITHUB\FOCUSSIP\SRC\SDL\SDL2-2.0.7_SRC\VISUALC\SDL\WIN32\DEBUG\SDL_EGL.OBJ
E:\GITHUB\FOCUSSIP\SRC\SDL\SDL2-2.0.7_SRC\VISUALC\SDL\WIN32\DEBUG\SDL_ERROR.OBJ
E:\GITHUB\FOCUSSIP\SRC\SDL\SDL2-2.0.7_SRC\VISUALC\SDL\WIN32\DEBUG\SDL_EVENTS.OBJ
E:\GITHUB\FOCUSSIP\SRC\SDL\SDL2-2.0.7_SRC\VISUALC\SDL\WIN32\DEBUG\SDL_FILLRECT.OBJ
E:\GITHUB\FOCUSSIP\SRC\SDL\SDL2-2.0.7_SRC\VISUALC\SDL\WIN32\DEBUG\SDL_GAMECONTROLLER.OBJ
E:\GITHUB\FOCUSSIP\SRC\SDL\SDL2-2.0.7_SRC\VISUALC\SDL\WIN32\DEBUG\SDL_GESTURE.OBJ
E:\GITHUB\FOCUSSIP\SRC\SDL\SDL2-2.0.7_SRC\VISUALC\SDL\WIN32\DEBUG\SDL_GETENV.OBJ
E:\GITHUB\FOCUSSIP\SRC\SDL\SDL2-2.0.7_SRC\VISUALC\SDL\WIN32\DEBUG\SDL_HAPTIC.OBJ
E:\GITHUB\FOCUSSIP\SRC\SDL\SDL2-2.0.7_SRC\VISUALC\SDL\WIN32\DEBUG\SDL_HINTS.OBJ
E:\GITHUB\FOCUSSIP\SRC\SDL\SDL2-2.0.7_SRC\VISUALC\SDL\WIN32\DEBUG\SDL_ICONV.OBJ
E:\GITHUB\FOCUSSIP\SRC\SDL\SDL2-2.0.7_SRC\VISUALC\SDL\WIN32\DEBUG\SDL_JOYSTICK.OBJ
E:\GITHUB\FOCUSSIP\SRC\SDL\SDL2-2.0.7_SRC\VISUALC\SDL\WIN32\DEBUG\SDL_KEYBOARD.OBJ
E:\GITHUB\FOCUSSIP\SRC\SDL\SDL2-2.0.7_SRC\VISUALC\SDL\WIN32\DEBUG\SDL_LOG.OBJ
E:\GITHUB\FOCUSSIP\SRC\SDL\SDL2-2.0.7_SRC\VISUALC\SDL\WIN32\DEBUG\SDL_MALLOC.OBJ
E:\GITHUB\FOCUSSIP\SRC\SDL\SDL2-2.0.7_SRC\VISUALC\SDL\WIN32\DEBUG\SDL_MIXER.OBJ
E:\GITHUB\FOCUSSIP\SRC\SDL\SDL2-2.0.7_SRC\VISUALC\SDL\WIN32\DEBUG\SDL_MMJOYSTICK.OBJ
E:\GITHUB\FOCUSSIP\SRC\SDL\SDL2-2.0.7_SRC\VISUALC\SDL\WIN32\DEBUG\SDL_MOUSE.OBJ
E:\GITHUB\FOCUSSIP\SRC\SDL\SDL2-2.0.7_SRC\VISUALC\SDL\WIN32\DEBUG\SDL_NULLEVENTS.OBJ
E:\GITHUB\FOCUSSIP\SRC\SDL\SDL2-2.0.7_SRC\VISUALC\SDL\WIN32\DEBUG\SDL_NULLFRAMEBUFFER.OBJ
E:\GITHUB\FOCUSSIP\SRC\SDL\SDL2-2.0.7_SRC\VISUALC\SDL\WIN32\DEBUG\SDL_NULLVIDEO.OBJ
E:\GITHUB\FOCUSSIP\SRC\SDL\SDL2-2.0.7_SRC\VISUALC\SDL\WIN32\DEBUG\SDL_PIXELS.OBJ
E:\GITHUB\FOCUSSIP\SRC\SDL\SDL2-2.0.7_SRC\VISUALC\SDL\WIN32\DEBUG\SDL_POWER.OBJ
E:\GITHUB\FOCUSSIP\SRC\SDL\SDL2-2.0.7_SRC\VISUALC\SDL\WIN32\DEBUG\SDL_QSORT.OBJ
E:\GITHUB\FOCUSSIP\SRC\SDL\SDL2-2.0.7_SRC\VISUALC\SDL\WIN32\DEBUG\SDL_QUIT.OBJ
E:\GITHUB\FOCUSSIP\SRC\SDL\SDL2-2.0.7_SRC\VISUALC\SDL\WIN32\DEBUG\SDL_RECT.OBJ
E:\GITHUB\FOCUSSIP\SRC\SDL\SDL2-2.0.7_SRC\VISUALC\SDL\WIN32\DEBUG\SDL_RENDER.OBJ
E:\GITHUB\FOCUSSIP\SRC\SDL\SDL2-2.0.7_SRC\VISUALC\SDL\WIN32\DEBUG\SDL_RENDER_D3D.OBJ
E:\GITHUB\FOCUSSIP\SRC\SDL\SDL2-2.0.7_SRC\VISUALC\SDL\WIN32\DEBUG\SDL_RENDER_D3D11.OBJ
E:\GITHUB\FOCUSSIP\SRC\SDL\SDL2-2.0.7_SRC\VISUALC\SDL\WIN32\DEBUG\SDL_RENDER_GL.OBJ
E:\GITHUB\FOCUSSIP\SRC\SDL\SDL2-2.0.7_SRC\VISUALC\SDL\WIN32\DEBUG\SDL_RENDER_GLES2.OBJ
E:\GITHUB\FOCUSSIP\SRC\SDL\SDL2-2.0.7_SRC\VISUALC\SDL\WIN32\DEBUG\SDL_RENDER_SW.OBJ
E:\GITHUB\FOCUSSIP\SRC\SDL\SDL2-2.0.7_SRC\VISUALC\SDL\WIN32\DEBUG\SDL_RLEACCEL.OBJ
E:\GITHUB\FOCUSSIP\SRC\SDL\SDL2-2.0.7_SRC\VISUALC\SDL\WIN32\DEBUG\SDL_ROTATE.OBJ
E:\GITHUB\FOCUSSIP\SRC\SDL\SDL2-2.0.7_SRC\VISUALC\SDL\WIN32\DEBUG\SDL_RWOPS.OBJ
E:\GITHUB\FOCUSSIP\SRC\SDL\SDL2-2.0.7_SRC\VISUALC\SDL\WIN32\DEBUG\SDL_SHADERS_GL.OBJ
E:\GITHUB\FOCUSSIP\SRC\SDL\SDL2-2.0.7_SRC\VISUALC\SDL\WIN32\DEBUG\SDL_SHADERS_GLES2.OBJ
E:\GITHUB\FOCUSSIP\SRC\SDL\SDL2-2.0.7_SRC\VISUALC\SDL\WIN32\DEBUG\SDL_SHAPE.OBJ
E:\GITHUB\FOCUSSIP\SRC\SDL\SDL2-2.0.7_SRC\VISUALC\SDL\WIN32\DEBUG\SDL_SPINLOCK.OBJ
E:\GITHUB\FOCUSSIP\SRC\SDL\SDL2-2.0.7_SRC\VISUALC\SDL\WIN32\DEBUG\SDL_STDLIB.OBJ
E:\GITHUB\FOCUSSIP\SRC\SDL\SDL2-2.0.7_SRC\VISUALC\SDL\WIN32\DEBUG\SDL_STRETCH.OBJ
E:\GITHUB\FOCUSSIP\SRC\SDL\SDL2-2.0.7_SRC\VISUALC\SDL\WIN32\DEBUG\SDL_STRING.OBJ
E:\GITHUB\FOCUSSIP\SRC\SDL\SDL2-2.0.7_SRC\VISUALC\SDL\WIN32\DEBUG\SDL_SURFACE.OBJ
E:\GITHUB\FOCUSSIP\SRC\SDL\SDL2-2.0.7_SRC\VISUALC\SDL\WIN32\DEBUG\SDL_SYSCOND.OBJ
E:\GITHUB\FOCUSSIP\SRC\SDL\SDL2-2.0.7_SRC\VISUALC\SDL\WIN32\DEBUG\SDL_SYSFILESYSTEM.OBJ
E:\GITHUB\FOCUSSIP\SRC\SDL\SDL2-2.0.7_SRC\VISUALC\SDL\WIN32\DEBUG\SDL_SYSLOADSO.OBJ
E:\GITHUB\FOCUSSIP\SRC\SDL\SDL2-2.0.7_SRC\VISUALC\SDL\WIN32\DEBUG\SDL_SYSMUTEX.OBJ
E:\GITHUB\FOCUSSIP\SRC\SDL\SDL2-2.0.7_SRC\VISUALC\SDL\WIN32\DEBUG\SDL_SYSPOWER.OBJ
E:\GITHUB\FOCUSSIP\SRC\SDL\SDL2-2.0.7_SRC\VISUALC\SDL\WIN32\DEBUG\SDL_SYSSEM.OBJ
E:\GITHUB\FOCUSSIP\SRC\SDL\SDL2-2.0.7_SRC\VISUALC\SDL\WIN32\DEBUG\SDL_SYSTHREAD.OBJ
E:\GITHUB\FOCUSSIP\SRC\SDL\SDL2-2.0.7_SRC\VISUALC\SDL\WIN32\DEBUG\SDL_SYSTIMER.OBJ
E:\GITHUB\FOCUSSIP\SRC\SDL\SDL2-2.0.7_SRC\VISUALC\SDL\WIN32\DEBUG\SDL_SYSTLS.OBJ
E:\GITHUB\FOCUSSIP\SRC\SDL\SDL2-2.0.7_SRC\VISUALC\SDL\WIN32\DEBUG\SDL_THREAD.OBJ
E:\GITHUB\FOCUSSIP\SRC\SDL\SDL2-2.0.7_SRC\VISUALC\SDL\WIN32\DEBUG\SDL_TIMER.OBJ
E:\GITHUB\FOCUSSIP\SRC\SDL\SDL2-2.0.7_SRC\VISUALC\SDL\WIN32\DEBUG\SDL_TOUCH.OBJ
E:\GITHUB\FOCUSSIP\SRC\SDL\SDL2-2.0.7_SRC\VISUALC\SDL\WIN32\DEBUG\SDL_VIDEO.OBJ
E:\GITHUB\FOCUSSIP\SRC\SDL\SDL2-2.0.7_SRC\VISUALC\SDL\WIN32\DEBUG\SDL_VULKAN_UTILS.OBJ
E:\GITHUB\FOCUSSIP\SRC\SDL\SDL2-2.0.7_SRC\VISUALC\SDL\WIN32\DEBUG\SDL_WASAPI.OBJ
E:\GITHUB\FOCUSSIP\SRC\SDL\SDL2-2.0.7_SRC\VISUALC\SDL\WIN32\DEBUG\SDL_WAVE.OBJ
E:\GITHUB\FOCUSSIP\SRC\SDL\SDL2-2.0.7_SRC\VISUALC\SDL\WIN32\DEBUG\SDL_WINDOWEVENTS.OBJ
E:\GITHUB\FOCUSSIP\SRC\SDL\SDL2-2.0.7_SRC\VISUALC\SDL\WIN32\DEBUG\SDL_WINDOWS.OBJ
E:\GITHUB\FOCUSSIP\SRC\SDL\SDL2-2.0.7_SRC\VISUALC\SDL\WIN32\DEBUG\SDL_WINDOWSCLIPBOARD.OBJ
E:\GITHUB\FOCUSSIP\SRC\SDL\SDL2-2.0.7_SRC\VISUALC\SDL\WIN32\DEBUG\SDL_WINDOWSEVENTS.OBJ
E:\GITHUB\FOCUSSIP\SRC\SDL\SDL2-2.0.7_SRC\VISUALC\SDL\WIN32\DEBUG\SDL_WINDOWSFRAMEBUFFER.OBJ
E:\GITHUB\FOCUSSIP\SRC\SDL\SDL2-2.0.7_SRC\VISUALC\SDL\WIN32\DEBUG\SDL_WINDOWSHAPTIC.OBJ
E:\GITHUB\FOCUSSIP\SRC\SDL\SDL2-2.0.7_SRC\VISUALC\SDL\WIN32\DEBUG\SDL_WINDOWSJOYSTICK.OBJ
E:\GITHUB\FOCUSSIP\SRC\SDL\SDL2-2.0.7_SRC\VISUALC\SDL\WIN32\DEBUG\SDL_WINDOWSKEYBOARD.OBJ
E:\GITHUB\FOCUSSIP\SRC\SDL\SDL2-2.0.7_SRC\VISUALC\SDL\WIN32\DEBUG\SDL_WINDOWSMESSAGEBOX.OBJ
E:\GITHUB\FOCUSSIP\SRC\SDL\SDL2-2.0.7_SRC\VISUALC\SDL\WIN32\DEBUG\SDL_WINDOWSMODES.OBJ
E:\GITHUB\FOCUSSIP\SRC\SDL\SDL2-2.0.7_SRC\VISUALC\SDL\WIN32\DEBUG\SDL_WINDOWSMOUSE.OBJ
E:\GITHUB\FOCUSSIP\SRC\SDL\SDL2-2.0.7_SRC\VISUALC\SDL\WIN32\DEBUG\SDL_WINDOWSOPENGL.OBJ
E:\GITHUB\FOCUSSIP\SRC\SDL\SDL2-2.0.7_SRC\VISUALC\SDL\WIN32\DEBUG\SDL_WINDOWSOPENGLES.OBJ
E:\GITHUB\FOCUSSIP\SRC\SDL\SDL2-2.0.7_SRC\VISUALC\SDL\WIN32\DEBUG\SDL_WINDOWSSHAPE.OBJ
E:\GITHUB\FOCUSSIP\SRC\SDL\SDL2-2.0.7_SRC\VISUALC\SDL\WIN32\DEBUG\SDL_WINDOWSVIDEO.OBJ
E:\GITHUB\FOCUSSIP\SRC\SDL\SDL2-2.0.7_SRC\VISUALC\SDL\WIN32\DEBUG\SDL_WINDOWSVULKAN.OBJ
E:\GITHUB\FOCUSSIP\SRC\SDL\SDL2-2.0.7_SRC\VISUALC\SDL\WIN32\DEBUG\SDL_WINDOWSWINDOW.OBJ
E:\GITHUB\FOCUSSIP\SRC\SDL\SDL2-2.0.7_SRC\VISUALC\SDL\WIN32\DEBUG\SDL_WINMM.OBJ
E:\GITHUB\FOCUSSIP\SRC\SDL\SDL2-2.0.7_SRC\VISUALC\SDL\WIN32\DEBUG\SDL_XAUDIO2.OBJ
E:\GITHUB\FOCUSSIP\SRC\SDL\SDL2-2.0.7_SRC\VISUALC\SDL\WIN32\DEBUG\SDL_XINPUT.OBJ
E:\GITHUB\FOCUSSIP\SRC\SDL\SDL2-2.0.7_SRC\VISUALC\SDL\WIN32\DEBUG\SDL_XINPUTHAPTIC.OBJ
E:\GITHUB\FOCUSSIP\SRC\SDL\SDL2-2.0.7_SRC\VISUALC\SDL\WIN32\DEBUG\SDL_XINPUTJOYSTICK.OBJ
E:\GITHUB\FOCUSSIP\SRC\SDL\SDL2-2.0.7_SRC\VISUALC\SDL\WIN32\DEBUG\SDL_YUV_MMX.OBJ
E:\GITHUB\FOCUSSIP\SRC\SDL\SDL2-2.0.7_SRC\VISUALC\SDL\WIN32\DEBUG\SDL_YUV_SW.OBJ
E:\github\focusSip\src\SDL\SDL2-2.0.7_src\VisualC\SDL\Win32\Debug\SDL2.write.1.tlog
E:\GITHUB\FOCUSSIP\SRC\SDL\SDL2-2.0.7_SRC\VISUALC\SDL\WIN32\DEBUG\VERSION.RES
E:\GITHUB\FOCUSSIP\SRC\SDL\SDL2-2.0.7_SRC\VISUALC\WIN32\DEBUG\SDL2.DLL
E:\github\focusSip\src\SDL\SDL2-2.0.7_src\VisualC\Win32\Debug\SDL2.exp
E:\GITHUB\FOCUSSIP\SRC\SDL\SDL2-2.0.7_SRC\VISUALC\WIN32\DEBUG\SDL2.ILK
E:\github\focusSip\src\SDL\SDL2-2.0.7_src\VisualC\Win32\Debug\SDL2.lib
E:\GITHUB\FOCUSSIP\SRC\SDL\SDL2-2.0.7_SRC\VISUALC\WIN32\DEBUG\SDL2.PDB
