E:\github\focusSip\src\SDL\SDL2-2.0.7_src\VisualC\SDLdemo\Win32\Debug\cl.command.1.tlog
E:\github\focusSip\src\SDL\SDL2-2.0.7_src\VisualC\SDLdemo\Win32\Debug\CL.read.1.tlog
E:\github\focusSip\src\SDL\SDL2-2.0.7_src\VisualC\SDLdemo\Win32\Debug\CL.write.1.tlog
E:\github\focusSip\src\SDL\SDL2-2.0.7_src\VisualC\SDLdemo\Win32\Debug\link.command.1.tlog
E:\github\focusSip\src\SDL\SDL2-2.0.7_src\VisualC\SDLdemo\Win32\Debug\link.read.1.tlog
E:\github\focusSip\src\SDL\SDL2-2.0.7_src\VisualC\SDLdemo\Win32\Debug\link.write.1.tlog
E:\github\focusSip\src\SDL\SDL2-2.0.7_src\VisualC\SDLdemo\Win32\Debug\link-cvtres.read.1.tlog
E:\github\focusSip\src\SDL\SDL2-2.0.7_src\VisualC\SDLdemo\Win32\Debug\link-cvtres.write.1.tlog
E:\github\focusSip\src\SDL\SDL2-2.0.7_src\VisualC\SDLdemo\Win32\Debug\mt.command.1.tlog
E:\github\focusSip\src\SDL\SDL2-2.0.7_src\VisualC\SDLdemo\Win32\Debug\mt.read.1.tlog
E:\github\focusSip\src\SDL\SDL2-2.0.7_src\VisualC\SDLdemo\Win32\Debug\mt.write.1.tlog
E:\github\focusSip\src\SDL\SDL2-2.0.7_src\VisualC\SDLdemo\Win32\Debug\rc.command.1.tlog
E:\github\focusSip\src\SDL\SDL2-2.0.7_src\VisualC\SDLdemo\Win32\Debug\rc.read.1.tlog
E:\github\focusSip\src\SDL\SDL2-2.0.7_src\VisualC\SDLdemo\Win32\Debug\rc.write.1.tlog
E:\GITHUB\FOCUSSIP\SRC\SDL\SDL2-2.0.7_SRC\VISUALC\SDLDEMO\WIN32\DEBUG\SDLDEMO.EXE.EMBED.MANIFEST
E:\GITHUB\FOCUSSIP\SRC\SDL\SDL2-2.0.7_SRC\VISUALC\SDLDEMO\WIN32\DEBUG\SDLDEMO.EXE.EMBED.MANIFEST.RES
E:\GITHUB\FOCUSSIP\SRC\SDL\SDL2-2.0.7_SRC\VISUALC\SDLDEMO\WIN32\DEBUG\SDLDEMO.EXE.INTERMEDIATE.MANIFEST
E:\GITHUB\FOCUSSIP\SRC\SDL\SDL2-2.0.7_SRC\VISUALC\SDLDEMO\WIN32\DEBUG\SDLDEMO.OBJ
E:\github\focusSip\src\SDL\SDL2-2.0.7_src\VisualC\SDLdemo\Win32\Debug\SDLdemo.write.1.tlog
E:\github\focusSip\src\SDL\SDL2-2.0.7_src\VisualC\SDLdemo\Win32\Debug\SDLdemo_manifest.rc
E:\github\focusSip\src\SDL\SDL2-2.0.7_src\VisualC\SDLdemo\Win32\Debug\vc100.idb
E:\GITHUB\FOCUSSIP\SRC\SDL\SDL2-2.0.7_SRC\VISUALC\SDLDEMO\WIN32\DEBUG\VC100.PDB
E:\GITHUB\FOCUSSIP\SRC\SDL\SDL2-2.0.7_SRC\VISUALC\WIN32\DEBUG\SDLDEMO.EXE
E:\github\focusSip\src\SDL\SDL2-2.0.7_src\VisualC\Win32\Debug\SDLdemo.exp
E:\GITHUB\FOCUSSIP\SRC\SDL\SDL2-2.0.7_SRC\VISUALC\WIN32\DEBUG\SDLDEMO.ILK
E:\github\focusSip\src\SDL\SDL2-2.0.7_src\VisualC\Win32\Debug\SDLdemo.lib
E:\GITHUB\FOCUSSIP\SRC\SDL\SDL2-2.0.7_SRC\VISUALC\WIN32\DEBUG\SDLDEMO.PDB
