生成启动时间为 2017-12-19 10:15:18。
     1>项目“E:\github\focusSip\src\SDL\SDL2-2.0.7_src\VisualC\SDLdemo\SDLdemo.vcxproj”在节点 2 上(build 个目标)。
     1>InitializeBuildStatus:
         正在对“Win32\Debug\SDLdemo.unsuccessfulbuild”执行 Touch 任务。
       ClCompile:
         所有输出均为最新。
       ManifestResourceCompile:
         所有输出均为最新。
       Link:
         D:\Program Files\Microsoft Visual Studio 10.0\VC\bin\link.exe /ERRORREPORT:PROMPT /OUT:"E:\github\focusSip\src\SDL\SDL2-2.0.7_src\VisualC\Win32\Debug\SDLdemo.exe" /INCREMENTAL /NOLOGO /LIBPATH:"E:\github\focusSip\src\SDL\SDL2-2.0.7_src\VisualC\Win32\Debug" SDL2.lib SDL2main.lib SDL2test.lib kernel32.lib user32.lib gdi32.lib winspool.lib comdlg32.lib advapi32.lib shell32.lib ole32.lib oleaut32.lib uuid.lib odbc32.lib odbccp32.lib /MANIFEST /ManifestFile:"Win32\Debug\SDLdemo.exe.intermediate.manifest" /MANIFESTUAC:"level='asInvoker' uiAccess='false'" /DEBUG /PDB:"E:\github\focusSip\src\SDL\SDL2-2.0.7_src\VisualC\Win32\Debug\SDLdemo.pdb" /SUBSYSTEM:CONSOLE /TLBID:1 /DYNAMICBASE /NXCOMPAT /IMPLIB:"E:\github\focusSip\src\SDL\SDL2-2.0.7_src\VisualC\Win32\Debug\SDLdemo.lib" /MACHINE:X86 Win32\Debug\SDLdemo.exe.embed.manifest.res
         Win32\Debug\SDLdemo.obj
            正在创建库 E:\github\focusSip\src\SDL\SDL2-2.0.7_src\VisualC\Win32\Debug\SDLdemo.lib 和对象 E:\github\focusSip\src\SDL\SDL2-2.0.7_src\VisualC\Win32\Debug\SDLdemo.exp
       Manifest:
         C:\Program Files\Microsoft SDKs\Windows\v7.0A\bin\mt.exe /nologo /verbose /out:"Win32\Debug\SDLdemo.exe.embed.manifest" /manifest Win32\Debug\SDLdemo.exe.intermediate.manifest
         C:\Program Files\Microsoft SDKs\Windows\v7.0A\bin\rc.exe /nologo /fo"Win32\Debug\SDLdemo.exe.embed.manifest.res" Win32\Debug\SDLdemo_manifest.rc 
       LinkEmbedManifest:
         D:\Program Files\Microsoft Visual Studio 10.0\VC\bin\link.exe /ERRORREPORT:PROMPT /OUT:"E:\github\focusSip\src\SDL\SDL2-2.0.7_src\VisualC\Win32\Debug\SDLdemo.exe" /INCREMENTAL /NOLOGO /LIBPATH:"E:\github\focusSip\src\SDL\SDL2-2.0.7_src\VisualC\Win32\Debug" SDL2.lib SDL2main.lib SDL2test.lib kernel32.lib user32.lib gdi32.lib winspool.lib comdlg32.lib advapi32.lib shell32.lib ole32.lib oleaut32.lib uuid.lib odbc32.lib odbccp32.lib /MANIFEST /ManifestFile:"Win32\Debug\SDLdemo.exe.intermediate.manifest" /MANIFESTUAC:"level='asInvoker' uiAccess='false'" /DEBUG /PDB:"E:\github\focusSip\src\SDL\SDL2-2.0.7_src\VisualC\Win32\Debug\SDLdemo.pdb" /SUBSYSTEM:CONSOLE /TLBID:1 /DYNAMICBASE /NXCOMPAT /IMPLIB:"E:\github\focusSip\src\SDL\SDL2-2.0.7_src\VisualC\Win32\Debug\SDLdemo.lib" /MACHINE:X86 Win32\Debug\SDLdemo.exe.embed.manifest.res
         Win32\Debug\SDLdemo.obj
            正在创建库 E:\github\focusSip\src\SDL\SDL2-2.0.7_src\VisualC\Win32\Debug\SDLdemo.lib 和对象 E:\github\focusSip\src\SDL\SDL2-2.0.7_src\VisualC\Win32\Debug\SDLdemo.exp
         SDLdemo.vcxproj -> E:\github\focusSip\src\SDL\SDL2-2.0.7_src\VisualC\Win32\Debug\SDLdemo.exe
       FinalizeBuildStatus:
         正在删除文件“Win32\Debug\SDLdemo.unsuccessfulbuild”。
         正在对“Win32\Debug\SDLdemo.lastbuildstate”执行 Touch 任务。
     1>已完成生成项目“E:\github\focusSip\src\SDL\SDL2-2.0.7_src\VisualC\SDLdemo\SDLdemo.vcxproj”(build 个目标)的操作。

生成成功。

已用时间 00:00:02.29
